SF:src/alpha/adapters/sqla_unit_of_work.py
DA:3,1
DA:5,1
DA:7,1
DA:8,1
DA:9,1
DA:11,1
DA:14,1
DA:17,1
DA:35,1
DA:36,0
DA:38,1
DA:39,1
DA:40,1
DA:42,1
DA:55,1
DA:57,1
DA:58,1
DA:59,1
DA:61,1
DA:62,1
DA:63,1
DA:65,1
DA:69,1
DA:70,1
DA:71,0
DA:73,1
DA:75,1
DA:77,1
DA:78,0
DA:81,1
DA:82,1
DA:83,1
DA:85,1
DA:87,1
DA:88,0
DA:91,1
DA:93,1
DA:95,1
DA:96,0
DA:99,1
DA:101,1
DA:103,1
DA:104,0
DA:107,1
DA:109,1
DA:111,0
DA:112,0
DA:115,0
DA:117,1
DA:118,1
DA:120,1
LF:51
LH:42
FN:17,40,SqlAlchemyUnitOfWork.__init__
FNDA:1,SqlAlchemyUnitOfWork.__init__
FN:42,73,SqlAlchemyUnitOfWork.__enter__
FNDA:1,SqlAlchemyUnitOfWork.__enter__
FN:75,83,SqlAlchemyUnitOfWork.__exit__
FNDA:1,SqlAlchemyUnitOfWork.__exit__
FN:85,91,SqlAlchemyUnitOfWork.commit
FNDA:1,SqlAlchemyUnitOfWork.commit
FN:93,99,SqlAlchemyUnitOfWork.flush
FNDA:1,SqlAlchemyUnitOfWork.flush
FN:101,107,SqlAlchemyUnitOfWork.rollback
FNDA:1,SqlAlchemyUnitOfWork.rollback
FN:109,115,SqlAlchemyUnitOfWork.refresh
FNDA:0,SqlAlchemyUnitOfWork.refresh
FN:118,120,SqlAlchemyUnitOfWork.session
FNDA:1,SqlAlchemyUnitOfWork.session
FNF:8
FNH:7
end_of_record
SF:src/alpha/domain/models/base_model.py
DA:1,1
DA:2,1
DA:4,1
DA:5,1
DA:8,1
DA:13,1
DA:14,1
DA:15,1
DA:16,1
DA:17,1
DA:18,1
DA:19,1
DA:20,1
DA:21,0
DA:22,1
DA:24,1
DA:25,0
LF:17
LH:15
FN:15,22,BaseDomainModel.to_dict
FNDA:1,BaseDomainModel.to_dict
FN:24,25,BaseDomainModel.update
FNDA:0,BaseDomainModel.update
FNF:2
FNH:1
end_of_record
SF:src/alpha/encoder.py
DA:1,1
DA:2,1
DA:3,1
DA:4,1
DA:5,1
DA:6,1
DA:7,1
DA:9,1
DA:10,1
DA:11,1
DA:13,1
DA:16,1
DA:17,1
DA:19,1
DA:20,1
DA:21,0
DA:22,1
DA:23,1
DA:24,1
DA:25,1
DA:26,1
DA:27,0
DA:28,1
DA:29,1
DA:30,1
DA:31,1
DA:32,1
DA:33,1
DA:34,1
DA:35,1
DA:36,1
DA:37,1
DA:38,1
DA:39,1
DA:40,1
DA:41,1
DA:42,1
DA:43,1
DA:44,1
DA:45,1
DA:46,1
DA:47,1
DA:48,1
DA:49,1
DA:50,1
DA:51,1
DA:52,1
DA:53,0
DA:54,0
DA:55,0
DA:56,0
DA:57,0
DA:59,0
DA:60,0
DA:61,0
DA:62,0
LF:56
LH:45
FN:19,62,JSONEncoder.default
FNDA:1,JSONEncoder.default
FNF:1
FNH:1
end_of_record
SF:src/alpha/exceptions.py
DA:2,1
DA:6,1
DA:10,1
DA:14,1
DA:18,1
DA:22,1
DA:26,1
DA:30,1
DA:34,1
DA:37,1
DA:41,1
DA:45,1
DA:49,1
DA:54,1
DA:57,1
DA:60,1
DA:63,1
DA:66,1
DA:69,1
DA:72,1
DA:75,1
DA:78,1
DA:81,1
DA:84,1
DA:87,1
DA:90,1
DA:93,1
DA:96,1
DA:99,1
LF:29
LH:29
end_of_record
SF:src/alpha/factories/_type_conversion_matrix.py
DA:5,1
DA:6,1
DA:8,1
LF:3
LH:3
end_of_record
SF:src/alpha/factories/_type_mapping.py
DA:5,1
DA:6,1
DA:8,1
DA:12,1
DA:14,1
LF:5
LH:5
end_of_record
SF:src/alpha/factories/class_factories.py
DA:12,1
DA:13,1
DA:14,1
DA:15,1
DA:16,1
DA:17,1
DA:19,1
DA:20,1
DA:21,1
DA:22,1
DA:23,1
DA:26,1
DA:27,1
DA:30,1
DA:31,1
DA:59,1
DA:60,1
DA:62,1
DA:64,1
DA:65,1
DA:67,1
DA:69,1
DA:70,1
DA:71,0
DA:75,1
DA:80,1
DA:81,1
DA:83,1
DA:84,1
DA:86,1
DA:87,1
DA:88,0
DA:89,0
DA:96,1
DA:105,1
DA:106,1
DA:107,1
DA:108,1
DA:109,1
DA:110,1
DA:117,1
DA:118,1
DA:145,1
DA:147,1
DA:148,1
DA:149,1
DA:150,1
DA:151,1
DA:152,1
DA:153,1
DA:154,1
DA:155,1
DA:156,1
DA:157,1
DA:158,1
DA:163,1
DA:164,1
DA:191,1
DA:192,1
DA:193,1
DA:194,1
DA:195,0
DA:199,1
DA:202,1
DA:203,1
DA:243,1
DA:244,1
DA:246,1
DA:249,1
DA:250,1
DA:252,1
DA:253,1
DA:254,1
DA:258,1
DA:259,1
DA:264,1
DA:265,1
DA:270,1
DA:275,1
DA:276,1
DA:316,1
DA:317,1
DA:318,1
DA:320,1
DA:321,1
DA:323,1
DA:324,1
DA:325,0
DA:329,1
DA:330,1
DA:331,1
DA:332,1
DA:333,1
DA:336,0
DA:337,0
DA:343,1
DA:344,1
DA:376,1
DA:377,1
DA:381,1
DA:382,1
DA:385,1
DA:386,1
DA:388,1
DA:389,1
DA:392,1
DA:393,1
DA:396,1
DA:397,1
DA:398,1
DA:399,1
DA:404,1
DA:405,0
DA:406,0
DA:411,1
DA:412,1
DA:434,1
DA:439,1
DA:440,1
DA:462,1
DA:467,1
DA:468,1
DA:489,1
DA:490,1
DA:491,1
DA:492,1
LF:126
LH:117
FN:31,114,IterableClassFactory.process
FNDA:1,IterableClassFactory.process
FN:118,160,DictClassFactory.process
FNDA:1,DictClassFactory.process
FN:164,199,DataclassClassFactory.process
FNDA:1,DataclassClassFactory.process
FN:203,272,GenericAliasClassFactory.process
FNDA:1,GenericAliasClassFactory.process
FN:276,340,UnionClassFactory.process
FNDA:1,UnionClassFactory.process
FN:344,408,NativeClassFactory.process
FNDA:1,NativeClassFactory.process
FN:412,436,EnumClassFactory.process
FNDA:1,EnumClassFactory.process
FN:440,464,JsonPatchClassFactory.process
FNDA:1,JsonPatchClassFactory.process
FN:468,492,AnyClassFactory.process
FNDA:1,AnyClassFactory.process
FNF:9
FNH:9
end_of_record
SF:src/alpha/factories/default_field_factory.py
DA:3,1
DA:4,1
DA:6,1
DA:7,1
DA:10,1
DA:11,1
DA:31,1
DA:32,1
DA:33,1
DA:34,1
DA:35,1
DA:36,1
DA:37,1
DA:38,1
DA:39,0
DA:43,1
DA:44,1
DA:48,0
LF:18
LH:16
FN:11,48,DefaultFieldFactory.process
FNDA:1,DefaultFieldFactory.process
FNF:1
FNH:1
end_of_record
SF:src/alpha/factories/field_iterator.py
DA:3,1
DA:4,1
DA:5,1
DA:7,1
DA:8,1
DA:9,1
DA:12,1
DA:17,1
DA:41,1
DA:42,1
DA:43,1
DA:44,1
DA:46,1
DA:47,1
DA:48,1
DA:49,1
DA:50,1
DA:60,1
DA:62,1
DA:69,1
DA:79,1
DA:80,1
DA:92,1
DA:100,1
DA:101,1
DA:113,1
DA:121,1
DA:124,1
DA:138,1
DA:140,1
DA:141,1
DA:142,1
DA:146,1
DA:147,1
DA:152,1
DA:156,1
DA:157,1
DA:162,1
DA:169,1
DA:171,1
DA:183,1
DA:184,1
DA:185,1
DA:186,1
DA:188,1
LF:45
LH:45
FN:17,60,Field.__init__
FNDA:1,Field.__init__
FN:62,77,Field.__repr__
FNDA:1,Field.__repr__
FN:80,98,Field.from_dataclass
FNDA:1,Field.from_dataclass
FN:101,118,Field.from_attrs
FNDA:1,Field.from_attrs
FN:124,160,FieldIterator.__init__
FNDA:1,FieldIterator.__init__
FN:162,169,FieldIterator.__iter__
FNDA:1,FieldIterator.__iter__
FN:171,188,FieldIterator.__next__
FNDA:1,FieldIterator.__next__
FNF:7
FNH:7
end_of_record
SF:src/alpha/factories/logging_handler_factory.py
DA:3,1
DA:5,1
DA:8,1
DA:19,1
DA:20,1
DA:42,1
DA:43,1
DA:44,0
DA:47,1
DA:49,1
DA:55,1
DA:56,1
DA:57,1
DA:58,1
DA:59,1
DA:60,1
DA:63,1
DA:71,1
DA:72,1
DA:73,1
DA:74,1
DA:75,1
DA:76,1
DA:85,1
DA:86,1
LF:25
LH:24
FN:20,86,LoggingHandlerFactory.parse
FNDA:1,LoggingHandlerFactory.parse
FNF:1
FNH:1
end_of_record
SF:src/alpha/factories/model_class_factory.py
DA:3,1
DA:4,1
DA:5,1
DA:6,1
DA:8,1
DA:9,1
DA:19,1
DA:20,1
DA:21,1
DA:22,1
DA:28,1
DA:29,1
DA:30,1
DA:34,1
DA:35,1
DA:38,1
DA:50,1
DA:58,1
DA:66,1
DA:67,1
DA:73,1
DA:74,1
DA:83,1
DA:91,1
DA:96,1
DA:114,1
DA:115,1
DA:117,1
DA:118,1
DA:120,1
DA:148,1
DA:149,1
DA:150,1
DA:152,1
DA:156,1
DA:158,1
DA:159,1
DA:160,1
DA:161,1
DA:162,1
DA:163,1
DA:168,1
DA:169,1
DA:175,1
DA:176,1
LF:45
LH:45
FN:96,118,ModelClassFactory.__init__
FNDA:1,ModelClassFactory.__init__
FN:120,176,ModelClassFactory.process
FNDA:1,ModelClassFactory.process
FNF:2
FNH:2
end_of_record
SF:src/alpha/factories/models/factory_classes.py
DA:3,1
DA:5,1
DA:13,1
DA:14,1
DA:17,1
DA:18,1
DA:19,1
DA:20,1
LF:8
LH:8
end_of_record
SF:src/alpha/factories/request_factory.py
DA:3,1
DA:4,1
DA:5,1
DA:6,1
DA:7,1
DA:9,1
DA:10,1
DA:11,1
DA:14,1
DA:19,1
DA:20,1
DA:21,1
DA:25,1
DA:28,1
DA:31,1
DA:68,1
DA:69,1
DA:70,1
DA:71,1
DA:72,1
DA:73,1
DA:74,1
DA:76,1
DA:96,1
DA:97,1
DA:102,1
DA:104,1
DA:132,1
DA:134,1
DA:135,1
DA:137,1
DA:138,1
DA:139,1
DA:140,1
DA:141,1
DA:143,1
DA:144,1
DA:145,1
DA:149,1
DA:150,1
DA:152,1
DA:153,1
DA:155,1
DA:156,1
DA:158,1
DA:159,1
DA:161,1
DA:162,1
DA:164,1
DA:166,1
DA:188,1
DA:189,0
DA:191,1
DA:192,0
DA:194,1
DA:195,1
DA:196,1
LF:57
LH:55
FN:31,74,RequestFactory.__init__
FNDA:1,RequestFactory.__init__
FN:76,102,RequestFactory.__call__
FNDA:1,RequestFactory.__call__
FN:104,164,RequestFactory._parse_args
FNDA:1,RequestFactory._parse_args
FN:166,196,RequestFactory._to_dataclass
FNDA:1,RequestFactory._to_dataclass
FNF:4
FNH:4
end_of_record
SF:src/alpha/factories/response_factory.py
DA:3,1
DA:4,1
DA:5,1
DA:6,1
DA:8,1
DA:9,1
DA:10,1
DA:11,1
DA:12,1
DA:15,1
DA:18,1
DA:51,1
DA:54,1
DA:55,1
DA:56,1
DA:57,1
DA:58,1
DA:59,1
DA:63,0
DA:70,1
DA:71,1
DA:74,1
DA:75,1
DA:76,0
DA:77,0
DA:85,1
DA:89,1
DA:90,0
DA:91,1
DA:94,1
DA:101,1
DA:103,1
DA:122,1
DA:124,1
DA:125,1
DA:128,1
DA:129,1
DA:130,1
DA:131,1
DA:132,1
DA:133,1
DA:134,1
DA:136,1
DA:156,1
DA:157,1
DA:159,1
DA:160,1
DA:162,1
DA:163,1
DA:165,1
DA:166,0
DA:169,1
DA:170,0
DA:172,1
DA:173,1
DA:174,1
DA:175,1
DA:177,1
LF:58
LH:52
FN:18,101,ResponseFactory.process
FNDA:1,ResponseFactory.process
FN:103,134,ResponseFactory._attr_factory
FNDA:1,ResponseFactory._attr_factory
FN:136,180,ResponseFactory._attr_lookup
FNDA:1,ResponseFactory._attr_lookup
FNF:3
FNH:3
end_of_record
SF:src/alpha/factories/type_factories.py
DA:8,1
DA:9,1
DA:11,1
DA:13,1
DA:14,1
DA:15,1
DA:18,1
DA:23,1
DA:49,1
DA:51,1
DA:52,1
DA:53,1
DA:54,1
DA:60,1
DA:61,1
DA:62,1
DA:63,1
DA:64,1
DA:68,1
DA:74,1
DA:79,1
DA:101,1
DA:102,1
DA:104,1
DA:106,1
DA:109,1
DA:110,1
DA:111,1
DA:114,1
DA:119,1
DA:141,1
DA:142,1
DA:143,1
DA:144,1
DA:145,1
DA:146,1
DA:147,1
DA:148,1
DA:149,1
DA:150,1
DA:151,1
DA:156,1
DA:161,1
DA:185,1
DA:186,0
DA:187,1
DA:188,0
DA:189,1
DA:190,1
DA:191,1
DA:193,1
LF:51
LH:49
FN:23,71,GenericTypeFactory.process
FNDA:1,GenericTypeFactory.process
FN:79,111,DatetimeTypeFactory.process
FNDA:1,DatetimeTypeFactory.process
FN:119,153,EnumTypeFactory.process
FNDA:1,EnumTypeFactory.process
FN:161,196,JsonPatchTypeFactory.process
FNDA:1,JsonPatchTypeFactory.process
FNF:4
FNH:4
end_of_record
SF:src/alpha/infra/database/sql_alchemy_database.py
DA:3,1
DA:4,1
DA:5,1
DA:9,1
DA:11,1
DA:14,1
DA:17,1
DA:59,1
DA:60,1
DA:61,1
DA:62,1
DA:63,1
DA:64,1
DA:65,1
DA:66,1
DA:68,1
DA:69,0
DA:73,1
DA:75,1
DA:78,1
DA:82,1
DA:83,1
DA:84,1
DA:85,1
DA:86,1
DA:88,1
DA:89,0
DA:91,1
DA:99,1
DA:101,1
DA:109,1
DA:111,1
DA:123,1
DA:125,1
DA:137,1
DA:139,1
DA:149,0
DA:151,0
DA:152,0
DA:153,0
DA:155,0
DA:156,0
DA:157,0
LF:43
LH:34
FN:17,89,SqlAlchemyDatabase.__init__
FNDA:1,SqlAlchemyDatabase.__init__
FN:91,99,SqlAlchemyDatabase.get_session
FNDA:1,SqlAlchemyDatabase.get_session
FN:101,109,SqlAlchemyDatabase.engine
FNDA:1,SqlAlchemyDatabase.engine
FN:111,123,SqlAlchemyDatabase.create_tables
FNDA:1,SqlAlchemyDatabase.create_tables
FN:125,137,SqlAlchemyDatabase.drop_tables
FNDA:1,SqlAlchemyDatabase.drop_tables
FN:139,157,SqlAlchemyDatabase._create_schema
FNDA:0,SqlAlchemyDatabase._create_schema
FNF:6
FNH:5
end_of_record
SF:src/alpha/infra/database/sql_alchemy_view.py
DA:1,0
DA:2,0
DA:3,0
DA:6,0
DA:7,0
DA:8,0
DA:9,0
DA:12,0
DA:13,0
DA:14,0
DA:17,0
DA:18,0
DA:19,0
DA:25,0
DA:26,0
DA:27,0
DA:30,0
DA:31,0
DA:32,0
DA:34,0
DA:38,0
DA:39,0
DA:42,0
DA:44,0
DA:45,0
DA:47,0
DA:48,0
LF:27
LH:0
FN:7,9,CreateView.__init__
FNDA:0,CreateView.__init__
FN:13,14,DropView.__init__
FNDA:0,DropView.__init__
FN:18,22,_create_view
FNDA:0,_create_view
FN:26,27,_drop_view
FNDA:0,_drop_view
FN:31,42,View.__init__
FNDA:0,View.__init__
FN:44,45,View.view_exists
FNDA:0,View.view_exists
FN:47,48,View.view_doesnt_exist
FNDA:0,View.view_doesnt_exist
FNF:7
FNH:0
end_of_record
SF:src/alpha/infra/models/filter_operators.py
DA:6,1
DA:8,1
DA:9,1
DA:11,1
DA:14,1
DA:19,1
DA:23,1
DA:25,1
DA:26,1
DA:40,1
DA:45,1
DA:57,0
DA:58,0
DA:61,1
DA:67,1
DA:68,1
DA:77,1
DA:80,1
DA:86,1
DA:87,1
DA:96,1
LF:21
LH:19
FN:19,23,FilterOperator.__init__
FNDA:1,FilterOperator.__init__
FN:26,43,FilterOperator.filter_operator
FNDA:1,FilterOperator.filter_operator
FN:45,58,FilterOperator.filter
FNDA:0,FilterOperator.filter
FN:68,77,And.filter_operator
FNDA:1,And.filter_operator
FN:87,96,Or.filter_operator
FNDA:1,Or.filter_operator
FNF:5
FNH:4
end_of_record
SF:src/alpha/infra/models/json_patch.py
DA:1,1
DA:2,1
DA:4,1
DA:7,1
DA:8,1
DA:9,1
DA:10,1
DA:12,1
DA:16,1
DA:17,1
DA:18,1
DA:19,1
LF:12
LH:12
FN:8,10,JsonPatch.__init__
FNDA:1,JsonPatch.__init__
FN:12,21,JsonPatch.update_dates
FNDA:1,JsonPatch.update_dates
FNF:2
FNH:2
end_of_record
SF:src/alpha/infra/models/order_by.py
DA:1,1
DA:2,1
DA:3,1
DA:5,1
DA:6,1
DA:7,1
DA:9,1
DA:12,1
DA:13,1
DA:14,1
DA:17,1
DA:18,1
DA:19,1
DA:20,1
DA:22,1
DA:23,1
DA:24,1
DA:26,1
DA:27,1
DA:28,1
DA:29,1
DA:30,1
DA:31,1
DA:34,1
DA:35,1
DA:36,1
DA:43,0
DA:44,0
DA:45,0
DA:47,1
DA:48,1
DA:49,1
DA:50,0
DA:53,1
DA:54,1
DA:55,1
DA:62,0
DA:63,0
DA:64,0
DA:66,1
DA:67,1
DA:68,1
DA:69,0
LF:43
LH:35
FN:22,24,OrderBy.__post_init__
FNDA:1,OrderBy.__post_init__
FN:26,31,OrderBy._get_filter_class
FNDA:1,OrderBy._get_filter_class
FN:36,45,AscendingOrder.filter_statement
FNDA:0,AscendingOrder.filter_statement
FN:47,50,AscendingOrder.query_clause
FNDA:1,AscendingOrder.query_clause
FN:55,64,DescendingOrder.filter_statement
FNDA:0,DescendingOrder.filter_statement
FN:66,69,DescendingOrder.query_clause
FNDA:1,DescendingOrder.query_clause
FNF:6
FNH:4
end_of_record
SF:src/alpha/infra/models/query_clause.py
DA:1,1
DA:2,1
DA:4,1
DA:5,1
DA:7,1
DA:8,1
DA:11,1
DA:12,1
DA:13,1
DA:14,1
DA:15,1
DA:17,1
DA:19,1
DA:20,1
DA:21,1
DA:24,1
DA:26,1
DA:27,1
DA:29,1
DA:30,1
DA:32,1
DA:33,1
DA:34,1
DA:38,1
DA:39,1
LF:25
LH:25
FN:17,24,QueryClause.__post_init__
FNDA:1,QueryClause.__post_init__
FN:26,27,QueryClause.query_clause
FNDA:1,QueryClause.query_clause
FN:29,36,QueryClause.set_domain_model
FNDA:1,QueryClause.set_domain_model
FN:38,45,QueryClause._raise_instrumented_attr_exception
FNDA:1,QueryClause._raise_instrumented_attr_exception
FNF:4
FNH:4
end_of_record
SF:src/alpha/infra/models/search_filter.py
DA:1,1
DA:2,1
DA:3,1
DA:5,1
DA:6,1
DA:7,1
DA:9,1
DA:12,1
DA:13,1
DA:14,1
DA:15,1
DA:16,1
DA:17,1
DA:18,1
DA:19,1
DA:20,1
DA:21,1
DA:22,1
DA:23,1
DA:24,1
DA:25,1
DA:26,1
DA:27,1
DA:28,1
DA:29,1
DA:30,1
DA:31,1
DA:32,1
DA:33,1
DA:34,1
DA:35,1
DA:36,1
DA:39,1
DA:40,1
DA:41,1
DA:42,1
DA:43,1
DA:45,1
DA:46,1
DA:47,1
DA:49,1
DA:50,1
DA:64,0
DA:66,1
DA:67,1
DA:68,1
DA:69,1
DA:70,1
DA:71,1
DA:72,1
DA:73,1
DA:74,1
DA:75,1
DA:76,1
DA:77,1
DA:78,1
DA:79,1
DA:80,1
DA:81,1
DA:82,1
DA:83,1
DA:84,1
DA:85,1
DA:86,1
DA:87,1
DA:88,1
DA:89,1
DA:90,1
DA:91,1
DA:92,1
DA:93,1
DA:94,1
DA:95,1
DA:96,1
DA:97,1
DA:98,1
DA:99,1
DA:100,1
DA:101,1
DA:102,1
DA:103,1
DA:104,1
DA:105,1
DA:106,1
DA:107,1
DA:108,1
DA:109,1
DA:110,1
DA:111,1
DA:112,1
DA:113,1
DA:114,1
DA:115,1
DA:117,1
DA:118,1
DA:119,1
DA:120,0
DA:121,0
DA:122,0
DA:125,1
DA:126,1
DA:127,1
DA:134,1
DA:135,1
DA:136,0
DA:138,1
DA:139,1
DA:140,1
DA:141,0
DA:144,1
DA:145,1
DA:146,1
DA:153,1
DA:154,1
DA:155,0
DA:157,1
DA:158,0
DA:159,0
DA:160,0
DA:163,1
DA:164,1
DA:165,1
DA:172,1
DA:173,1
DA:174,0
DA:176,1
DA:177,0
DA:178,0
DA:179,0
DA:182,1
DA:183,1
DA:184,1
DA:191,1
DA:192,1
DA:193,0
DA:195,1
DA:196,1
DA:197,1
DA:198,0
DA:201,1
DA:202,1
DA:203,1
DA:210,1
DA:211,1
DA:212,0
DA:214,1
DA:215,0
DA:216,0
DA:217,0
DA:220,1
DA:221,1
DA:222,1
DA:229,1
DA:230,1
DA:231,0
DA:233,1
DA:234,0
DA:235,0
DA:236,0
DA:239,1
DA:240,1
DA:241,1
DA:248,1
DA:249,1
DA:250,1
DA:251,0
DA:253,1
DA:254,0
DA:255,0
DA:256,0
DA:259,1
DA:260,1
DA:261,1
DA:268,1
DA:269,1
DA:270,1
DA:271,0
DA:273,1
DA:274,0
DA:275,0
DA:276,0
DA:279,1
DA:280,1
DA:281,1
DA:288,1
DA:289,1
DA:290,0
DA:292,1
DA:293,0
DA:294,0
DA:295,0
DA:298,1
DA:299,1
DA:300,1
DA:307,1
DA:308,1
DA:309,0
DA:311,1
DA:312,0
DA:313,0
DA:314,0
DA:317,1
DA:318,1
DA:319,1
DA:326,1
DA:327,1
DA:328,0
DA:330,1
DA:331,0
DA:332,0
DA:333,0
DA:336,1
DA:337,1
DA:338,1
DA:345,1
DA:346,1
DA:347,0
DA:349,1
DA:350,0
DA:351,0
DA:352,0
DA:355,1
DA:356,1
DA:357,1
DA:364,1
DA:365,1
DA:366,0
DA:368,1
DA:369,0
DA:370,0
DA:371,0
DA:374,1
DA:375,1
DA:376,1
DA:383,1
DA:384,1
DA:385,0
DA:387,1
DA:388,0
DA:389,0
DA:390,0
DA:393,1
DA:394,1
DA:395,1
DA:402,1
DA:403,1
DA:404,0
DA:406,1
DA:407,0
DA:408,0
DA:409,0
DA:412,1
DA:413,1
DA:414,1
DA:421,1
DA:422,1
DA:423,0
DA:425,1
DA:426,0
DA:427,0
DA:428,0
DA:431,1
DA:432,1
DA:433,1
DA:440,1
DA:441,1
DA:442,0
DA:444,1
DA:445,0
DA:446,0
DA:447,0
DA:450,1
DA:451,1
DA:452,1
DA:459,1
DA:460,1
DA:461,0
DA:463,1
DA:464,0
DA:465,0
DA:466,0
DA:469,1
DA:470,1
DA:471,1
DA:478,1
DA:479,1
DA:480,0
DA:482,1
DA:483,0
DA:484,0
DA:485,0
DA:488,1
DA:489,1
DA:490,1
DA:497,1
DA:498,1
DA:499,0
DA:501,1
DA:502,0
DA:503,0
DA:504,0
DA:507,1
DA:508,1
DA:509,1
DA:516,1
DA:517,1
DA:518,0
DA:520,1
DA:521,0
DA:522,0
DA:523,0
DA:526,1
DA:527,1
DA:528,1
DA:535,1
DA:536,1
DA:537,0
DA:539,1
DA:540,0
DA:541,0
DA:542,0
DA:545,1
DA:546,1
DA:547,1
DA:554,1
DA:555,1
DA:556,0
DA:558,1
DA:559,0
DA:560,0
DA:561,0
DA:564,1
DA:565,1
DA:566,1
DA:573,1
DA:574,1
DA:575,0
DA:577,1
DA:578,0
DA:579,0
DA:580,0
LF:341
LH:245
FN:45,47,SearchFilter.__post_init__
FNDA:1,SearchFilter.__post_init__
FN:50,64,SearchFilter.filter_statement
FNDA:0,SearchFilter.filter_statement
FN:66,115,SearchFilter._get_filter_class
FNDA:1,SearchFilter._get_filter_class
FN:117,122,SearchFilter._parse_list
FNDA:1,SearchFilter._parse_list
FN:127,136,LessThanFilter.filter_statement
FNDA:1,LessThanFilter.filter_statement
FN:138,141,LessThanFilter.query_clause
FNDA:1,LessThanFilter.query_clause
FN:146,155,LessThanEqualsFilter.filter_statement
FNDA:1,LessThanEqualsFilter.filter_statement
FN:157,160,LessThanEqualsFilter.query_clause
FNDA:0,LessThanEqualsFilter.query_clause
FN:165,174,EqualsFilter.filter_statement
FNDA:1,EqualsFilter.filter_statement
FN:176,179,EqualsFilter.query_clause
FNDA:0,EqualsFilter.query_clause
FN:184,193,NotEqualsFilter.filter_statement
FNDA:1,NotEqualsFilter.filter_statement
FN:195,198,NotEqualsFilter.query_clause
FNDA:1,NotEqualsFilter.query_clause
FN:203,212,GreaterThanFilter.filter_statement
FNDA:1,GreaterThanFilter.filter_statement
FN:214,217,GreaterThanFilter.query_clause
FNDA:0,GreaterThanFilter.query_clause
FN:222,231,GreaterThanEqualsFilter.filter_statement
FNDA:1,GreaterThanEqualsFilter.filter_statement
FN:233,236,GreaterThanEqualsFilter.query_clause
FNDA:0,GreaterThanEqualsFilter.query_clause
FN:241,251,InFilter.filter_statement
FNDA:1,InFilter.filter_statement
FN:253,256,InFilter.query_clause
FNDA:0,InFilter.query_clause
FN:261,271,NotInFilter.filter_statement
FNDA:1,NotInFilter.filter_statement
FN:273,276,NotInFilter.query_clause
FNDA:0,NotInFilter.query_clause
FN:281,290,LikeFilter.filter_statement
FNDA:1,LikeFilter.filter_statement
FN:292,295,LikeFilter.query_clause
FNDA:0,LikeFilter.query_clause
FN:300,309,InsensitiveLikeFilter.filter_statement
FNDA:1,InsensitiveLikeFilter.filter_statement
FN:311,314,InsensitiveLikeFilter.query_clause
FNDA:0,InsensitiveLikeFilter.query_clause
FN:319,328,NotLikeFilter.filter_statement
FNDA:1,NotLikeFilter.filter_statement
FN:330,333,NotLikeFilter.query_clause
FNDA:0,NotLikeFilter.query_clause
FN:338,347,InsensitiveNotLikeFilter.filter_statement
FNDA:1,InsensitiveNotLikeFilter.filter_statement
FN:349,352,InsensitiveNotLikeFilter.query_clause
FNDA:0,InsensitiveNotLikeFilter.query_clause
FN:357,366,StartsWithFilter.filter_statement
FNDA:1,StartsWithFilter.filter_statement
FN:368,371,StartsWithFilter.query_clause
FNDA:0,StartsWithFilter.query_clause
FN:376,385,InsensitiveStartsWithFilter.filter_statement
FNDA:1,InsensitiveStartsWithFilter.filter_statement
FN:387,390,InsensitiveStartsWithFilter.query_clause
FNDA:0,InsensitiveStartsWithFilter.query_clause
FN:395,404,NotStartsWithFilter.filter_statement
FNDA:1,NotStartsWithFilter.filter_statement
FN:406,409,NotStartsWithFilter.query_clause
FNDA:0,NotStartsWithFilter.query_clause
FN:414,423,InsensitiveNotStartsWithFilter.filter_statement
FNDA:1,InsensitiveNotStartsWithFilter.filter_statement
FN:425,428,InsensitiveNotStartsWithFilter.query_clause
FNDA:0,InsensitiveNotStartsWithFilter.query_clause
FN:433,442,EndsWithFilter.filter_statement
FNDA:1,EndsWithFilter.filter_statement
FN:444,447,EndsWithFilter.query_clause
FNDA:0,EndsWithFilter.query_clause
FN:452,461,InsensitiveEndsWithFilter.filter_statement
FNDA:1,InsensitiveEndsWithFilter.filter_statement
FN:463,466,InsensitiveEndsWithFilter.query_clause
FNDA:0,InsensitiveEndsWithFilter.query_clause
FN:471,480,NotEndsWithFilter.filter_statement
FNDA:1,NotEndsWithFilter.filter_statement
FN:482,485,NotEndsWithFilter.query_clause
FNDA:0,NotEndsWithFilter.query_clause
FN:490,499,InsensitiveNotEndsWithFilter.filter_statement
FNDA:1,InsensitiveNotEndsWithFilter.filter_statement
FN:501,504,InsensitiveNotEndsWithFilter.query_clause
FNDA:0,InsensitiveNotEndsWithFilter.query_clause
FN:509,518,ContainsFilter.filter_statement
FNDA:1,ContainsFilter.filter_statement
FN:520,523,ContainsFilter.query_clause
FNDA:0,ContainsFilter.query_clause
FN:528,537,InsensitiveContainsFilter.filter_statement
FNDA:1,InsensitiveContainsFilter.filter_statement
FN:539,542,InsensitiveContainsFilter.query_clause
FNDA:0,InsensitiveContainsFilter.query_clause
FN:547,556,NotContainsFilter.filter_statement
FNDA:1,NotContainsFilter.filter_statement
FN:558,561,NotContainsFilter.query_clause
FNDA:0,NotContainsFilter.query_clause
FN:566,575,InsensitiveNotContainsFilter.filter_statement
FNDA:1,InsensitiveNotContainsFilter.filter_statement
FN:577,580,InsensitiveNotContainsFilter.query_clause
FNDA:0,InsensitiveNotContainsFilter.query_clause
FNF:52
FNH:29
end_of_record
SF:src/alpha/interfaces/attrs_instance.py
DA:1,1
DA:4,1
DA:5,1
DA:8,1
LF:4
LH:4
FN:10,10,AttrsInstance.__call__
FNDA:0,AttrsInstance.__call__
FNF:1
FNH:0
end_of_record
SF:src/alpha/interfaces/dataclass_instance.py
DA:1,1
DA:2,1
DA:5,1
DA:6,1
DA:9,1
LF:5
LH:5
FN:11,11,DataclassInstance.__call__
FNDA:0,DataclassInstance.__call__
FNF:1
FNH:0
end_of_record
SF:src/alpha/interfaces/factories.py
DA:8,1
DA:9,1
DA:11,1
DA:12,1
DA:13,1
DA:16,1
DA:22,1
DA:46,1
DA:52,1
DA:72,1
DA:84,1
DA:94,1
DA:97,1
DA:98,1
DA:99,1
DA:100,1
LF:16
LH:16
FN:22,43,ClassFactory.process
FNDA:0,ClassFactory.process
FN:52,69,TypeFactory.process
FNDA:0,TypeFactory.process
FN:78,81,DefaultFactory.process
FNDA:0,DefaultFactory.process
FN:87,91,ModelClassFactoryInstance.process
FNDA:0,ModelClassFactoryInstance.process
FNF:4
FNH:0
end_of_record
SF:src/alpha/interfaces/identity_provider.py
DA:1,0
DA:4,0
DA:9,0
DA:25,0
DA:41,0
LF:5
LH:0
FN:9,23,IdentityProvider.authenticate
FNDA:0,IdentityProvider.authenticate
FN:25,39,IdentityProvider.get_user_info
FNDA:0,IdentityProvider.get_user_info
FN:41,56,IdentityProvider.change_password
FNDA:0,IdentityProvider.change_password
FNF:3
FNH:0
end_of_record
SF:src/alpha/interfaces/openapi_model.py
DA:1,1
DA:4,1
DA:5,1
DA:8,1
DA:9,1
LF:5
LH:5
FN:11,11,OpenAPIModel.__init__
FNDA:0,OpenAPIModel.__init__
FN:13,13,OpenAPIModel.to_dict
FNDA:0,OpenAPIModel.to_dict
FN:15,15,OpenAPIModel.to_str
FNDA:0,OpenAPIModel.to_str
FN:17,17,OpenAPIModel.__repr__
FNDA:0,OpenAPIModel.__repr__
FN:19,19,OpenAPIModel.__eq__
FNDA:0,OpenAPIModel.__eq__
FN:21,21,OpenAPIModel.__ne__
FNDA:0,OpenAPIModel.__ne__
FNF:6
FNH:0
end_of_record
SF:src/alpha/interfaces/patchable.py
DA:1,1
DA:3,1
DA:4,1
DA:7,1
LF:4
LH:4
FN:8,8,Patchable.patch
FNDA:0,Patchable.patch
FNF:1
FNH:0
end_of_record
SF:src/alpha/interfaces/sql_database.py
DA:1,1
DA:3,1
DA:4,1
DA:5,1
DA:7,1
DA:10,1
DA:11,1
DA:12,1
DA:13,1
DA:14,1
DA:15,1
DA:16,1
DA:17,1
DA:18,1
DA:19,1
DA:20,1
DA:21,1
DA:22,1
LF:18
LH:18
FN:24,24,SqlDatabase.get_session
FNDA:0,SqlDatabase.get_session
FN:26,26,SqlDatabase.engine
FNDA:0,SqlDatabase.engine
FN:28,30,SqlDatabase.create_tables
FNDA:0,SqlDatabase.create_tables
FN:32,34,SqlDatabase.drop_tables
FNDA:0,SqlDatabase.drop_tables
FN:36,36,SqlDatabase._create_schema
FNDA:0,SqlDatabase._create_schema
FNF:5
FNH:0
end_of_record
SF:src/alpha/interfaces/sql_mapper.py
DA:3,1
DA:5,1
DA:6,1
DA:9,1
DA:10,1
DA:13,1
DA:14,1
DA:15,1
DA:17,1
DA:19,1
DA:21,1
DA:22,1
LF:12
LH:12
FN:22,23,SqlMapper.start_mapping
FNDA:0,SqlMapper.start_mapping
FNF:1
FNH:0
end_of_record
SF:src/alpha/interfaces/sql_repository.py
DA:3,1
DA:4,1
DA:5,1
DA:7,1
DA:11,1
DA:13,1
DA:14,1
DA:15,1
DA:16,1
DA:17,1
DA:20,1
DA:21,1
DA:30,1
DA:31,1
DA:33,1
DA:60,1
DA:76,1
DA:92,1
DA:111,1
DA:139,1
DA:167,1
DA:195,1
DA:223,1
DA:251,1
DA:267,1
DA:276,1
DA:289,1
DA:311,1
DA:328,1
DA:350,1
LF:30
LH:30
FN:33,42,SqlRepository.__init__
FNDA:0,SqlRepository.__init__
FN:45,50,SqlRepository.add
FNDA:0,SqlRepository.add
FN:53,58,SqlRepository.add
FNDA:0,SqlRepository.add
FN:60,74,SqlRepository.add
FNDA:0,SqlRepository.add
FN:76,90,SqlRepository.add_all
FNDA:0,SqlRepository.add_all
FN:92,109,SqlRepository.count
FNDA:0,SqlRepository.count
FN:111,137,SqlRepository.get
FNDA:0,SqlRepository.get
FN:139,165,SqlRepository.get_all
FNDA:0,SqlRepository.get_all
FN:167,193,SqlRepository.get_one
FNDA:0,SqlRepository.get_one
FN:195,221,SqlRepository.get_one_or_none
FNDA:0,SqlRepository.get_one_or_none
FN:223,249,SqlRepository.get_by_id
FNDA:0,SqlRepository.get_by_id
FN:251,265,SqlRepository.patch
FNDA:0,SqlRepository.patch
FN:267,274,SqlRepository.remove
FNDA:0,SqlRepository.remove
FN:276,287,SqlRepository.remove_all
FNDA:0,SqlRepository.remove_all
FN:289,309,SqlRepository.select
FNDA:0,SqlRepository.select
FN:311,326,SqlRepository.update
FNDA:0,SqlRepository.update
FN:328,348,SqlRepository.view
FNDA:0,SqlRepository.view
FN:350,373,SqlRepository._query
FNDA:0,SqlRepository._query
FN:375,380,SqlRepository._query_clause
FNDA:0,SqlRepository._query_clause
FNF:19
FNH:0
end_of_record
SF:src/alpha/interfaces/token_factory.py
DA:1,0
DA:4,0
DA:9,0
DA:27,0
DA:42,0
LF:5
LH:0
FN:9,25,TokenFactory.create
FNDA:0,TokenFactory.create
FN:27,40,TokenFactory.validate
FNDA:0,TokenFactory.validate
FN:42,56,TokenFactory.get_payload
FNDA:0,TokenFactory.get_payload
FNF:3
FNH:0
end_of_record
SF:src/alpha/interfaces/unit_of_work.py
DA:4,1
DA:11,1
DA:13,1
DA:16,1
DA:17,1
DA:26,1
DA:30,1
DA:33,1
DA:36,1
DA:39,1
DA:42,1
DA:45,1
DA:46,1
LF:13
LH:13
FN:26,28,UnitOfWork.__enter__
FNDA:0,UnitOfWork.__enter__
FN:30,31,UnitOfWork.__exit__
FNDA:0,UnitOfWork.__exit__
FN:33,34,UnitOfWork.commit
FNDA:0,UnitOfWork.commit
FN:36,37,UnitOfWork.flush
FNDA:0,UnitOfWork.flush
FN:39,40,UnitOfWork.rollback
FNDA:0,UnitOfWork.rollback
FN:42,43,UnitOfWork.refresh
FNDA:0,UnitOfWork.refresh
FN:46,53,UnitOfWork.session
FNDA:0,UnitOfWork.session
FNF:7
FNH:0
end_of_record
SF:src/alpha/interfaces/updateable.py
DA:1,1
DA:3,1
DA:6,1
LF:3
LH:3
FN:7,7,Updateable.update
FNDA:0,Updateable.update
FNF:1
FNH:0
end_of_record
SF:src/alpha/repositories/default_sql_repository.py
DA:4,1
DA:5,1
DA:6,1
DA:7,1
DA:8,1
DA:10,1
DA:11,1
DA:12,1
DA:16,1
DA:17,1
DA:19,1
DA:20,1
DA:24,1
DA:25,1
DA:30,1
DA:31,1
DA:32,1
DA:33,1
DA:36,1
DA:71,1
DA:81,1
DA:82,1
DA:84,1
DA:111,1
DA:112,1
DA:113,1
DA:114,1
DA:115,1
DA:116,1
DA:117,0
DA:121,0
DA:122,1
DA:123,1
DA:124,0
DA:128,1
DA:129,1
DA:130,1
DA:131,1
DA:132,0
DA:133,1
DA:134,1
DA:135,1
DA:137,1
DA:164,1
DA:165,0
DA:166,0
DA:167,0
DA:172,0
DA:173,0
DA:174,1
DA:175,1
DA:176,1
DA:177,0
DA:181,1
DA:182,1
DA:183,0
DA:184,1
DA:185,1
DA:186,1
DA:187,0
DA:188,1
DA:189,1
DA:190,1
DA:191,1
DA:192,1
DA:194,1
DA:211,1
DA:213,1
DA:240,1
DA:241,1
DA:242,1
DA:249,1
DA:275,1
DA:282,1
DA:284,1
DA:310,1
DA:318,1
DA:344,1
DA:352,1
DA:378,1
DA:386,1
DA:403,0
DA:404,0
DA:405,0
DA:406,0
DA:407,0
DA:409,1
DA:417,1
DA:418,1
DA:420,1
DA:432,1
DA:433,1
DA:434,1
DA:435,1
DA:437,1
DA:457,1
DA:459,1
DA:474,0
DA:475,0
DA:476,0
DA:477,0
DA:479,1
DA:499,0
DA:501,1
DA:535,1
DA:551,1
DA:552,1
DA:556,1
DA:557,0
DA:559,1
DA:561,1
DA:562,1
DA:563,1
DA:566,1
DA:568,1
DA:569,1
DA:570,0
DA:572,1
DA:573,1
DA:576,1
DA:577,1
DA:578,1
DA:579,1
DA:580,1
DA:581,1
DA:585,0
DA:587,1
DA:589,1
DA:590,1
DA:591,1
DA:594,1
DA:597,1
DA:600,1
DA:601,1
DA:603,0
DA:605,1
DA:611,1
DA:612,1
DA:613,1
DA:615,1
DA:634,1
DA:637,1
DA:639,1
DA:667,1
DA:668,1
DA:672,1
DA:673,1
DA:674,1
DA:675,1
DA:676,1
DA:678,0
LF:151
LH:124
FN:71,82,DefaultSqlRepository.__init__
FNDA:1,DefaultSqlRepository.__init__
FN:84,135,DefaultSqlRepository.add
FNDA:1,DefaultSqlRepository.add
FN:137,192,DefaultSqlRepository.add_all
FNDA:1,DefaultSqlRepository.add_all
FN:194,211,DefaultSqlRepository.count
FNDA:1,DefaultSqlRepository.count
FN:213,247,DefaultSqlRepository.get
FNDA:1,DefaultSqlRepository.get
FN:249,282,DefaultSqlRepository.get_all
FNDA:1,DefaultSqlRepository.get_all
FN:284,316,DefaultSqlRepository.get_one
FNDA:1,DefaultSqlRepository.get_one
FN:318,350,DefaultSqlRepository.get_one_or_none
FNDA:1,DefaultSqlRepository.get_one_or_none
FN:352,384,DefaultSqlRepository.get_by_id
FNDA:1,DefaultSqlRepository.get_by_id
FN:386,407,DefaultSqlRepository.patch
FNDA:0,DefaultSqlRepository.patch
FN:409,418,DefaultSqlRepository.remove
FNDA:1,DefaultSqlRepository.remove
FN:420,435,DefaultSqlRepository.remove_all
FNDA:1,DefaultSqlRepository.remove_all
FN:437,457,DefaultSqlRepository.select
FNDA:1,DefaultSqlRepository.select
FN:459,477,DefaultSqlRepository.update
FNDA:0,DefaultSqlRepository.update
FN:479,499,DefaultSqlRepository.view
FNDA:0,DefaultSqlRepository.view
FN:501,603,DefaultSqlRepository._query
FNDA:1,DefaultSqlRepository._query
FN:605,613,DefaultSqlRepository._query_clause
FNDA:1,DefaultSqlRepository._query_clause
FN:615,637,DefaultSqlRepository._process_filters
FNDA:1,DefaultSqlRepository._process_filters
FN:639,681,DefaultSqlRepository._process_filter_item
FNDA:1,DefaultSqlRepository._process_filter_item
FNF:19
FNH:16
end_of_record
SF:src/alpha/repositories/models/repository_model.py
DA:3,1
DA:5,1
DA:6,1
DA:9,1
DA:10,1
DA:13,1
DA:14,1
DA:15,1
DA:16,1
LF:9
LH:9
end_of_record
SF:src/alpha/services/authentication_service.py
DA:1,0
DA:2,0
DA:3,0
DA:6,0
DA:7,0
DA:13,0
DA:14,0
DA:15,0
DA:17,0
DA:18,0
DA:19,0
DA:20,0
DA:22,0
DA:23,0
DA:24,0
DA:26,0
DA:28,0
DA:29,0
DA:30,0
DA:32,0
DA:34,0
DA:35,0
DA:36,0
DA:38,0
DA:39,0
DA:41,0
DA:42,0
DA:43,0
DA:45,0
DA:46,0
DA:47,0
DA:48,0
DA:50,0
DA:52,0
DA:58,0
DA:59,0
DA:60,0
DA:62,0
DA:64,0
DA:65,0
DA:66,0
DA:67,0
DA:69,0
LF:43
LH:0
FN:7,15,AuthenticationService.__init__
FNDA:0,AuthenticationService.__init__
FN:17,26,AuthenticationService.login
FNDA:0,AuthenticationService.login
FN:28,32,AuthenticationService.logout
FNDA:0,AuthenticationService.logout
FN:34,39,AuthenticationService.get_user_info
FNDA:0,AuthenticationService.get_user_info
FN:41,50,AuthenticationService.refresh_token
FNDA:0,AuthenticationService.refresh_token
FN:52,62,AuthenticationService.change_password
FNDA:0,AuthenticationService.change_password
FN:64,69,AuthenticationService.pretend_login
FNDA:0,AuthenticationService.pretend_login
FNF:7
FNH:0
end_of_record
SF:src/alpha/utils/is_attrs.py
DA:1,1
DA:4,1
DA:17,1
DA:18,1
LF:4
LH:4
FN:4,18,is_attrs
FNDA:1,is_attrs
FNF:1
FNH:1
end_of_record
SF:src/alpha/utils/logging_configurator.py
DA:3,1
DA:4,1
DA:5,1
DA:7,1
DA:9,1
DA:11,1
DA:22,1
DA:25,1
DA:51,1
DA:52,1
DA:53,1
DA:54,1
DA:55,1
DA:56,1
DA:57,1
DA:58,1
DA:60,1
DA:64,1
DA:78,1
DA:79,1
DA:80,1
DA:81,1
DA:83,1
DA:85,1
DA:86,1
DA:87,0
DA:88,0
DA:90,1
DA:91,1
DA:93,1
DA:96,1
DA:99,1
DA:105,0
DA:107,0
DA:114,1
DA:127,1
DA:128,1
DA:130,1
DA:131,1
LF:39
LH:35
FN:25,93,LoggingConfigurator.__init__
FNDA:1,LoggingConfigurator.__init__
FN:99,111,GunicornLogger.setup
FNDA:0,GunicornLogger.setup
FN:114,131,logging_level_checker
FNDA:1,logging_level_checker
FNF:3
FNH:2
end_of_record
SF:src/alpha/utils/logging_level_checker.py
DA:3,1
DA:4,1
DA:7,1
DA:22,1
DA:23,1
DA:25,1
DA:26,1
LF:7
LH:7
FN:7,26,logging_level_checker
FNDA:1,logging_level_checker
FNF:1
FNH:1
end_of_record
SF:src/alpha/utils/response_object.py
DA:1,1
DA:3,1
DA:6,1
DA:13,1
DA:20,1
DA:21,1
DA:23,1
LF:7
LH:7
FN:6,26,create_response_object
FNDA:1,create_response_object
FNF:1
FNH:1
end_of_record
SF:src/alpha/utils/token_factory.py
DA:3,0
DA:4,0
DA:5,0
DA:7,0
DA:9,0
DA:10,0
DA:12,0
DA:15,0
DA:20,0
DA:26,0
DA:27,0
DA:29,0
DA:30,0
DA:31,0
DA:32,0
DA:34,0
DA:48,0
DA:49,0
DA:57,0
DA:64,0
DA:81,0
DA:82,0
DA:88,0
DA:89,0
DA:90,0
DA:91,0
DA:93,0
DA:111,0
DA:113,0
DA:114,0
DA:115,0
DA:117,0
DA:119,0
DA:126,0
LF:34
LH:0
FN:20,32,TokenFactory.__init__
FNDA:0,TokenFactory.__init__
FN:34,62,TokenFactory.generate_token
FNDA:0,TokenFactory.generate_token
FN:64,91,TokenFactory.decode_token
FNDA:0,TokenFactory.decode_token
FN:93,117,TokenFactory.get_user_from_token
FNDA:0,TokenFactory.get_user_from_token
FN:119,126,TokenFactory._current_timestamp
FNDA:0,TokenFactory._current_timestamp
FNF:5
FNH:0
end_of_record
SF:src/alpha/utils/version_check.py
DA:1,1
DA:4,1
DA:17,1
LF:3
LH:3
FN:4,17,minor_version_gte
FNDA:1,minor_version_gte
FNF:1
FNH:1
end_of_record
